 
   Observer geodetic coordinate (degrees) 
   Long 15.06500  Latit 37.03280  height 370.0m
   Initial UTC time 2021/ 5/ 1     0: 0: 0.000
   Final UTC time   2021/ 5/15     0: 0: 0.000

  Celestial Body: MOON                      
  Geocentric apparent RA - DEC 0.0h UT true equinox and ecliptic of the date.
  TRANSIT (RA-DEC)Apparent topocentric coordinate equinox of date.

     TIME     MOONS'  ILL.%   RISE (UT)     TRANSIT (UT)    SET (UT)     Azimuth   Elev.   Azimuth      RA 0.0h     DEC 0.0h      RA(transit)    DEC(transit)     
    0h UT      AGE              --              --             --          RISE   TRANSIT    SET      (app.geoc)    (app. geoc)        UT             UT  
 ==============================================================================================================================================================
 2021/ 5/ 1   18.61  79.60   23:05:02.9      2:50:49.3      7:36:59.1    122.55°   27.44°   237.11°   18:20:34.3   - 25:27:15.8    18:28:07.3    - 26:24:38.3  
 2021/ 5/ 2   19.61  69.63   23:56:14.4      3:51:51.3      8:40:36.3    120.21°   27.85°   238.11°   19:23:22.9   - 25:17:47.5    19:33:15.8    - 25:59:19.6  
 2021/ 5/ 3   20.61  59.00    0:00:00.0*     4:49:23.6      9:46:41.6    116.14°   29.89°   241.24°   20:23:18.4   - 23:34:53.7    20:34:53.9    - 23:54:45.6  
 2021/ 5/ 4   21.61  48.29    0:38:16.7      5:42:29.8     10:52:21.6    116.13°   33.23°   245.94°   21:19:21.4   - 20:35:46.2    21:32:05.3    - 20:31:57.0  
 2021/ 5/ 5   22.61  37.97    1:13:14.4      6:31:15.0     11:55:56.5    110.86°   37.50°   251.70°   22:11:24.5   - 16:39:43.2    22:24:55.0    - 16:12:57.2  
 2021/ 5/ 6   23.61  28.41    1:43:07.4      7:16:23.2     12:57:01.5    104.84°   42.37°   258.08°   22:59:58.3   - 12:04:34.9    23:14:07.3    - 11:17:06.0  
 2021/ 5/ 7   24.61  19.92    2:09:42.6      7:58:55.3     13:56:00.3     98.39°   47.59°   264.79°   23:45:52.6   -  7:05:27.0     0:00:43.0    -  6:00:10.8  
 2021/ 5/ 8   25.61  12.73    2:34:27.9      8:39:55.5     14:53:38.4     91.77°   52.93°   271.57°    0:30:03.7   -  1:54:52.7     0:45:46.5    -  0:35:09.9  
 2021/ 5/ 9   26.61   7.03    2:58:37.2      9:20:25.2     15:50:45.4     85.17°   58.22°   278.23°    1:13:27.5   +  3:16:17.3     1:30:19.4    +  4:46:37.4  
 2021/ 5/10   27.61   2.95    3:23:17.8     10:01:20.6     16:48:03.7     78.78°   63.28°   284.57°    1:56:56.0   +  8:18:01.6     2:15:18.1    +  9:54:25.7  
 2021/ 5/11   28.61   0.61    3:49:35.5     10:43:30.8     17:45:57.8     72.79°   67.93°   290.36°    2:41:15.8   + 13:00:24.3     3:01:31.7    + 14:37:15.6  
 2021/ 5/12    0.21   0.06    4:18:39.1     11:27:34.7     18:44:24.2     67.41°   71.97°   295.36°    3:27:05.9   + 17:13:08.4     3:49:39.4    + 18:43:29.3  
 2021/ 5/13    1.21   1.31    4:51:40.9     12:13:55.4     19:42:42.3     62.91°   75.21°   299.28°    4:14:53.4   + 20:45:31.3     4:40:04.2    + 22:00:56.2  
 2021/ 5/14    2.21   4.32    5:29:51.4     13:02:33.9     20:39:33.5     59.55°   77.46°   301.82°    5:04:48.8   + 23:26:46.9     5:32:47.4    + 24:17:35.7  
  
 -- (0:00:00.0*) - Event occurs the next day
  
 --- END PROGRAM ---
